<?xml version="1.0" encoding="UTF-8"?><testsuite errors="0" failures="1" name="Choucair module jobs" skipped="2" tests="5" time="74.67" timestamp="2019-11-29 05:24:47"><testcase name="Search"/><testcase name="Search word out of context"><failure message="Expected net.serenitybdd.screenplay.QuestionSubject@2f27a627&#10;Expected: is &lt;true&gt;&#10;     but: was &lt;false&gt;" type="java.lang.AssertionError">Expected net.serenitybdd.screenplay.QuestionSubject@2f27a627
Expected: is &lt;true&gt;
     but: was &lt;false&gt;</failure><system-err>Expected net.serenitybdd.screenplay.QuestionSubject@2f27a627
Expected: is &lt;true&gt;
     but: was &lt;false&gt;&#13;
co.com.choucair.jobs.stepdefinitions.JobsStepDefinition.heSeesTheTextoNoHayTrabajosCorrespondientesATuBúsqueda(JobsStepDefinition.java:78)&#13;
✽.he sees the texto No hay trabajos correspondientes a tu búsqueda(src/test/resources/features/jobs.feature:21)&#13;
</system-err></testcase><testcase name="Sign up for work"/><testcase name="Text"><skipped/></testcase><testcase name="Redirection (Link)"><skipped/></testcase></testsuite>